<?xml version="1.0" encoding="UTF-8"?>
<!-- Generated by org.testng.reporters.JUnitReportReporter -->
<testsuite hostname="DESKTOP-EAILKN8" failures="0" tests="1" name="testPackage.TC_LaunchGoogle_001_Test" time="36.673" errors="0" timestamp="2025-03-13T11:49:08 IST" skipped="0">
  <testcase classname="testPackage.TC_LaunchGoogle_001_Test" name="launchGoogle" time="36.673"/>
</testsuite> <!-- testPackage.TC_LaunchGoogle_001_Test -->
