<?xml version="1.0" encoding="UTF-8"?>
<!-- Generated by org.testng.reporters.JUnitReportReporter -->
<testsuite hostname="DESKTOP-EAILKN8" failures="0" tests="1" name="testPackage.AddToCart" time="9.944" errors="0" timestamp="2025-03-18T11:24:01 IST" skipped="0">
  <testcase classname="testPackage.AddToCart" name="addToCartMethod" time="9.944"/>
  <system-out/>
</testsuite> <!-- testPackage.AddToCart -->
