<?xml version="1.0" encoding="UTF-8"?>
<!-- Generated by org.testng.reporters.JUnitReportReporter -->
<testsuite hostname="DESKTOP-EAILKN8" failures="0" tests="1" name="testPackage.TC_RemoveProductFromCart_002_Test" time="24.916" errors="0" timestamp="2025-03-18T12:28:27 IST" skipped="0">
  <testcase classname="testPackage.TC_RemoveProductFromCart_002_Test" name="removeProductFromCart" time="24.916"/>
  <system-out>
    <![CDATA[product is removed]]>
  </system-out>
</testsuite> <!-- testPackage.TC_RemoveProductFromCart_002_Test -->
